<?xml version="1.0" encoding="UTF-8"?>
<!-- Generated by org.testng.reporters.JUnitReportReporter -->
<testsuite hostname="DESKTOP-5EVK54D" failures="0" tests="1" name="execution.AirCanadaFailedScenarioRunner" time="27.366" errors="0" timestamp="2023-07-29T19:26:28 IST" skipped="0">
  <testcase classname="execution.AirCanadaFailedScenarioRunner" name="runScenario" time="27.366"/>
  <system-out/>
</testsuite> <!-- execution.AirCanadaFailedScenarioRunner -->
