<?xml version="1.0" encoding="UTF-8"?>
<!-- Generated by org.testng.reporters.JUnitReportReporter -->
<testsuite hostname="DESKTOP-5EVK54D" failures="0" tests="3" name="runners.ScenarioOutlineRunner" time="0.669" errors="0" timestamp="2023-07-20T20:02:34 IST" skipped="0">
  <testcase classname="runners.ScenarioOutlineRunner" name="runScenario" time="0.530"/>
  <system-out/>
  <testcase classname="runners.ScenarioOutlineRunner" name="runScenario" time="0.081"/>
  <system-out/>
  <testcase classname="runners.ScenarioOutlineRunner" name="runScenario" time="0.058"/>
  <system-out/>
</testsuite> <!-- runners.ScenarioOutlineRunner -->
