<?xml version="1.0" encoding="UTF-8"?>
<!-- Generated by org.testng.reporters.JUnitReportReporter -->
<testsuite hostname="DESKTOP-5EVK54D" failures="0" tests="3" name="execution.AirCanadaRunner" time="51.818" errors="0" timestamp="2023-07-28T19:21:49 IST" skipped="0">
  <testcase classname="execution.AirCanadaRunner" name="runScenario" time="14.366"/>
  <system-out/>
  <testcase classname="execution.AirCanadaRunner" name="runScenario" time="27.965"/>
  <system-out/>
  <testcase classname="execution.AirCanadaRunner" name="runScenario" time="9.487"/>
  <system-out/>
</testsuite> <!-- execution.AirCanadaRunner -->
