<?xml version="1.0" encoding="UTF-8"?>
<!-- Generated by org.testng.reporters.JUnitReportReporter -->
<testsuite hostname="DESKTOP-5EVK54D" failures="0" tests="2" name="runners.LoginRunner" time="0.291" errors="0" timestamp="2023-07-18T20:03:04 IST" skipped="0">
  <testcase classname="runners.LoginRunner" name="runScenario" time="0.255"/>
  <system-out/>
  <testcase classname="runners.LoginRunner" name="runScenario" time="0.036"/>
  <system-out/>
</testsuite> <!-- runners.LoginRunner -->
