<?xml version="1.0" encoding="UTF-8"?>
<!-- Generated by org.testng.reporters.JUnitReportReporter -->
<testsuite hostname="DESKTOP-5EVK54D" failures="0" tests="1" name="runners.CampaignRunner" time="0.352" errors="0" timestamp="2023-07-24T20:03:49 IST" skipped="0">
  <testcase classname="runners.CampaignRunner" name="runScenario" time="0.352"/>
  <system-out/>
</testsuite> <!-- runners.CampaignRunner -->
