<?xml version="1.0" encoding="UTF-8"?>
<!-- Generated by org.testng.reporters.JUnitReportReporter -->
<testsuite hostname="BhushanPatil" failures="0" tests="2" name="runners.CampaignRunner" time="0.091" errors="0" timestamp="2023-10-08T19:56:17 IST" skipped="0">
  <testcase classname="runners.CampaignRunner" name="runScenario" time="0.071"/>
  <system-out/>
  <testcase classname="runners.CampaignRunner" name="runScenario" time="0.020"/>
  <system-out/>
</testsuite> <!-- runners.CampaignRunner -->
