<?xml version="1.0" encoding="UTF-8"?>
<!-- Generated by org.testng.reporters.JUnitReportReporter -->
<testsuite hostname="DESKTOP-5EVK54D" failures="0" tests="3" name="runners.CampaignRunner" time="0.639" errors="0" timestamp="2023-07-25T19:32:52 IST" skipped="0">
  <testcase classname="runners.CampaignRunner" name="runScenario" time="0.138"/>
  <system-out/>
  <testcase classname="runners.CampaignRunner" name="runScenario" time="0.400"/>
  <system-out/>
  <testcase classname="runners.CampaignRunner" name="runScenario" time="0.101"/>
  <system-out/>
</testsuite> <!-- runners.CampaignRunner -->
