<?xml version="1.0" encoding="UTF-8"?>
<!-- Generated by org.testng.reporters.JUnitReportReporter -->
<testsuite hostname="DESKTOP-5EVK54D" failures="0" tests="2" name="runners.OrdersRunner" time="0.443" errors="0" timestamp="2023-07-20T19:34:31 IST" skipped="0">
  <testcase classname="runners.OrdersRunner" name="runScenario" time="0.046"/>
  <system-out/>
  <testcase classname="runners.OrdersRunner" name="runScenario" time="0.397"/>
  <system-out/>
</testsuite> <!-- runners.OrdersRunner -->
