<?xml version="1.0" encoding="UTF-8"?>
<!-- Generated by org.testng.reporters.JUnitReportReporter -->
<testsuite hostname="DESKTOP-5EVK54D" failures="0" tests="3" name="runners.ProfileRunner" time="0.655" errors="0" timestamp="2023-07-22T19:56:40 IST" skipped="0">
  <testcase classname="runners.ProfileRunner" name="runScenario" time="0.173"/>
  <system-out/>
  <testcase classname="runners.ProfileRunner" name="runScenario" time="0.112"/>
  <system-out/>
  <testcase classname="runners.ProfileRunner" name="runScenario" time="0.370"/>
  <system-out/>
</testsuite> <!-- runners.ProfileRunner -->
